Building DAG of jobs...
Using shell: /usr/bin/bash
Provided cores: 1 (use --cores to define parallelism)
Rules claiming more threads will be scaled down.
Job stats:
job                    count
-------------------  -------
all                        1
write_grm_selection        1
total                      2

Select jobs to execute...

[Tue Mar 26 17:46:06 2024]
rule write_grm_selection:
    output: /home/lesi11/testData/multi-grm-selection_testPRE.txt
    jobid: 1
    reason: Missing output files: /home/lesi11/testData/multi-grm-selection_testPRE.txt
    wildcards: prefix=testPRE
    resources: tmpdir=/tmp

RuleException in rule write_grm_selection in file /sc-projects/sc-proj-dh-ag-eils-ml/workflow/rules/grm.smk, line 76:
ValueError: unexpected '{' in field name, when formatting the following:

    for chrom in {params.chromosomes};
    do
      echo "{${wildcards.prefix}}_chrom${{chrom}}.grm.bin" >> {output}
    done
    
