Building DAG of jobs...
Using shell: /usr/bin/bash
Provided cores: 4
Rules claiming more threads will be scaled down.
Job stats:
job           count
----------  -------
all               1
grm_to_csv        1
total             2

Select jobs to execute...

[Wed Mar 20 18:06:03 2024]
rule grm_to_csv:
    input: /home/lesi11/testData/test.grm.bin
    output: /home/lesi11/testData/test_size=100.grm.csv
    jobid: 3
    reason: Missing output files: /home/lesi11/testData/test_size=100.grm.csv
    wildcards: name=test, size=100
    resources: tmpdir=/tmp

[Wed Mar 20 18:06:05 2024]
Finished job 3.
1 of 2 steps (50%) done
Select jobs to execute...

[Wed Mar 20 18:06:05 2024]
rule all:
    input: /home/lesi11/testData/test.hsq, /home/lesi11/testData/test_size=100.grm.csv
    jobid: 0
    reason: Rules with a run or shell declaration but no output are always executed.
    resources: tmpdir=/tmp

[Wed Mar 20 18:06:07 2024]
Finished job 0.
2 of 2 steps (100%) done
Complete log: .snakemake/log/2024-03-20T180600.666125.snakemake.log
