Building DAG of jobs...
Using shell: /usr/bin/bash
Provided cores: 1 (use --cores to define parallelism)
Rules claiming more threads will be scaled down.
Job stats:
job                    count
-------------------  -------
all                        1
write_grm_selection        1
total                      2

Select jobs to execute...

[Tue Mar 26 17:46:48 2024]
rule write_grm_selection:
    output: /home/lesi11/testData/multi-grm-selection_testPRE.txt
    jobid: 1
    reason: Missing output files: /home/lesi11/testData/multi-grm-selection_testPRE.txt
    wildcards: prefix=testPRE
    resources: tmpdir=/tmp

[Tue Mar 26 17:46:50 2024]
Finished job 1.
1 of 2 steps (50%) done
Select jobs to execute...

[Tue Mar 26 17:46:50 2024]
rule all:
    input: /home/lesi11/testData/multi-grm-selection_testPRE.txt
    jobid: 0
    reason: Rules with a run or shell declaration but no output are always executed.
    resources: tmpdir=/tmp

[Tue Mar 26 17:46:54 2024]
Finished job 0.
2 of 2 steps (100%) done
Complete log: .snakemake/log/2024-03-26T174644.815615.snakemake.log
