Building DAG of jobs...
Using shell: /usr/bin/bash
Provided cores: 4
Rules claiming more threads will be scaled down.
Job stats:
job             count
------------  -------
all                 1
generate_grm        1
run_greml           1
total               3

Select jobs to execute...

[Wed Mar 20 18:04:25 2024]
rule generate_grm:
    output: /home/lesi11/testData/test.grm.bin
    jobid: 2
    reason: Missing output files: /home/lesi11/testData/test.grm.bin
    wildcards: name=test
    resources: tmpdir=/tmp

[Wed Mar 20 18:04:27 2024]
Finished job 2.
1 of 3 steps (33%) done
Select jobs to execute...

[Wed Mar 20 18:04:27 2024]
rule run_greml:
    input: /home/lesi11/testData/test.grm.bin, /home/lesi11/testData/test.phen
    output: /home/lesi11/testData/test.hsq
    jobid: 1
    reason: Missing output files: /home/lesi11/testData/test.hsq; Input files updated by another job: /home/lesi11/testData/test.grm.bin
    wildcards: name=test
    threads: 4
    resources: tmpdir=/tmp

[Wed Mar 20 18:04:43 2024]
Finished job 1.
2 of 3 steps (67%) done
Select jobs to execute...

[Wed Mar 20 18:04:43 2024]
rule all:
    input: /home/lesi11/testData/test.hsq
    jobid: 0
    reason: Rules with a run or shell declaration but no output are always executed.
    resources: tmpdir=/tmp

[Wed Mar 20 18:04:45 2024]
Finished job 0.
3 of 3 steps (100%) done
Complete log: .snakemake/log/2024-03-20T180423.268046.snakemake.log
