Building DAG of jobs...
Using shell: /usr/bin/bash
Provided cores: 1 (use --cores to define parallelism)
Rules claiming more threads will be scaled down.
Job stats:
job           count
----------  -------
all               1
manage_grm        1
merge_grm         1
run_greml         1
split_grm         2
total             6

Select jobs to execute...

[Tue Mar 26 16:52:30 2024]
rule split_grm:
    input: /home/lesi11/testData/test.bed, /home/lesi11/testData/test.bim, /home/lesi11/testData/test.fam
    output: /home/lesi11/testData/test.part_2_2.grm.bin, /home/lesi11/testData/test.part_2_2.grm.N.bin, /home/lesi11/testData/test.part_2_2.grm.id
    jobid: 5
    reason: Missing output files: /home/lesi11/testData/test.part_2_2.grm.N.bin, /home/lesi11/testData/test.part_2_2.grm.id, /home/lesi11/testData/test.part_2_2.grm.bin
    wildcards: name=test, number=2, part=2
    resources: tmpdir=/tmp

[Tue Mar 26 16:52:31 2024]
Finished job 5.
1 of 6 steps (17%) done
Select jobs to execute...

[Tue Mar 26 16:52:31 2024]
rule split_grm:
    input: /home/lesi11/testData/test.bed, /home/lesi11/testData/test.bim, /home/lesi11/testData/test.fam
    output: /home/lesi11/testData/test.part_2_1.grm.bin, /home/lesi11/testData/test.part_2_1.grm.N.bin, /home/lesi11/testData/test.part_2_1.grm.id
    jobid: 4
    reason: Missing output files: /home/lesi11/testData/test.part_2_1.grm.N.bin, /home/lesi11/testData/test.part_2_1.grm.bin, /home/lesi11/testData/test.part_2_1.grm.id
    wildcards: name=test, number=2, part=1
    resources: tmpdir=/tmp

[Tue Mar 26 16:52:32 2024]
Finished job 4.
2 of 6 steps (33%) done
Select jobs to execute...

[Tue Mar 26 16:52:32 2024]
rule merge_grm:
    input: /home/lesi11/testData/test.part_2_1.grm.bin, /home/lesi11/testData/test.part_2_2.grm.bin, /home/lesi11/testData/test.part_2_1.grm.N.bin, /home/lesi11/testData/test.part_2_2.grm.N.bin, /home/lesi11/testData/test.part_2_1.grm.id, /home/lesi11/testData/test.part_2_2.grm.id
    output: /home/lesi11/testData/test.split_grm.bin, /home/lesi11/testData/test.split_grm.N.bin, /home/lesi11/testData/test.split_grm.id
    jobid: 3
    reason: Missing output files: /home/lesi11/testData/test.split_grm.N.bin, /home/lesi11/testData/test.split_grm.id, /home/lesi11/testData/test.split_grm.bin; Input files updated by another job: /home/lesi11/testData/test.part_2_1.grm.N.bin, /home/lesi11/testData/test.part_2_1.grm.bin, /home/lesi11/testData/test.part_2_2.grm.id, /home/lesi11/testData/test.part_2_2.grm.bin, /home/lesi11/testData/test.part_2_1.grm.id, /home/lesi11/testData/test.part_2_2.grm.N.bin
    wildcards: name=test
    resources: tmpdir=/tmp

[Tue Mar 26 16:52:32 2024]
Error in rule merge_grm:
    jobid: 3
    input: /home/lesi11/testData/test.part_2_1.grm.bin, /home/lesi11/testData/test.part_2_2.grm.bin, /home/lesi11/testData/test.part_2_1.grm.N.bin, /home/lesi11/testData/test.part_2_2.grm.N.bin, /home/lesi11/testData/test.part_2_1.grm.id, /home/lesi11/testData/test.part_2_2.grm.id
    output: /home/lesi11/testData/test.split_grm.bin, /home/lesi11/testData/test.split_grm.N.bin, /home/lesi11/testData/test.split_grm.id
    shell:
        
    cat /home/lesi11/testData/test_split.part_2_*.grm.id > /home/lesi11/testData/test_split.grm.id
    cat /home/lesi11/testData/test_split.part_2_*.grm.bin > /home/lesi11/testData/test_split.grm.bin
    cat /home/lesi11/testData/test_split.part_2_*.grm.N.bin > /home/lesi11/testData/test_split.grm.N.bin
    
        (one of the commands exited with non-zero exit code; note that snakemake uses bash strict mode!)

Shutting down, this might take some time.
Exiting because a job execution failed. Look above for error message
Complete log: .snakemake/log/2024-03-26T165225.853212.snakemake.log
