Building DAG of jobs...
Using shell: /usr/bin/bash
Provided cores: 1 (use --cores to define parallelism)
Rules claiming more threads will be scaled down.
Job stats:
job                    count
-------------------  -------
all                        1
grm_chrom                  1
merge_grm                  1
run_greml                  1
write_grm_selection        1
total                      5

Select jobs to execute...

[Tue Mar 26 17:57:59 2024]
rule grm_chrom:
    input: /home/lesi11/testData/test.bed, /home/lesi11/testData/test.bim, /home/lesi11/testData/test.fam
    output: /home/lesi11/testData/test_chrom1.grm.bin, /home/lesi11/testData/test_chrom1.grm.N.bin, /home/lesi11/testData/test_chrom1.grm.id
    jobid: 3
    reason: Missing output files: /home/lesi11/testData/test_chrom1.grm.bin, /home/lesi11/testData/test_chrom1.grm.id, /home/lesi11/testData/test_chrom1.grm.N.bin
    wildcards: name=test, chrom=1
    resources: tmpdir=/tmp

[Tue Mar 26 17:58:00 2024]
Finished job 3.
1 of 5 steps (20%) done
Select jobs to execute...

[Tue Mar 26 17:58:00 2024]
rule write_grm_selection:
    output: /home/lesi11/testData/multi-grm-selection_test.txt
    jobid: 4
    reason: Missing output files: /home/lesi11/testData/multi-grm-selection_test.txt
    wildcards: prefix=test
    resources: tmpdir=/tmp

[Tue Mar 26 17:58:00 2024]
Finished job 4.
2 of 5 steps (40%) done
Select jobs to execute...

[Tue Mar 26 17:58:00 2024]
rule merge_grm:
    input: /home/lesi11/testData/test_chrom1.grm.bin, /home/lesi11/testData/test_chrom1.grm.N.bin, /home/lesi11/testData/test_chrom1.grm.id, /home/lesi11/testData/multi-grm-selection_test.txt
    output: /home/lesi11/testData/test.grm.bin, /home/lesi11/testData/test.grm.N.bin, /home/lesi11/testData/test.grm.id
    jobid: 2
    reason: Missing output files: /home/lesi11/testData/test.grm.bin, /home/lesi11/testData/test.grm.id; Input files updated by another job: /home/lesi11/testData/test_chrom1.grm.N.bin, /home/lesi11/testData/multi-grm-selection_test.txt, /home/lesi11/testData/test_chrom1.grm.id, /home/lesi11/testData/test_chrom1.grm.bin; Set of input files has changed since last execution; Code has changed since last execution; Params have changed since last execution
    wildcards: name=test
    resources: tmpdir=/tmp

[Tue Mar 26 17:58:00 2024]
Error in rule merge_grm:
    jobid: 2
    input: /home/lesi11/testData/test_chrom1.grm.bin, /home/lesi11/testData/test_chrom1.grm.N.bin, /home/lesi11/testData/test_chrom1.grm.id, /home/lesi11/testData/multi-grm-selection_test.txt
    output: /home/lesi11/testData/test.grm.bin, /home/lesi11/testData/test.grm.N.bin, /home/lesi11/testData/test.grm.id
    shell:
        
    gcta64 --mgrm /home/lesi11/testData/multi-grm-selection_test.txt --make-grm --out /home/lesi11/testData/test
    
        (one of the commands exited with non-zero exit code; note that snakemake uses bash strict mode!)

Shutting down, this might take some time.
Exiting because a job execution failed. Look above for error message
Complete log: .snakemake/log/2024-03-26T175754.983958.snakemake.log
