Building DAG of jobs...
Using shell: /usr/bin/bash
Provided cores: 1 (use --cores to define parallelism)
Rules claiming more threads will be scaled down.
Job stats:
job                    count
-------------------  -------
all                        1
write_grm_selection        1
total                      2

Select jobs to execute...

[Tue Mar 26 17:45:34 2024]
rule write_grm_selection:
    output: /home/lesi11/testData/multi-grm-selection_testPRE.txt
    jobid: 1
    reason: Code has changed since last execution
    wildcards: prefix=testPRE
    resources: tmpdir=/tmp

[Tue Mar 26 17:45:34 2024]
Error in rule write_grm_selection:
    jobid: 1
    output: /home/lesi11/testData/multi-grm-selection_testPRE.txt
    shell:
        
    for chrom in 1 2 3 4 5 6 7 8;
    do
      echo "${wildcards.prefix}_chrom${chrom}.grm.bin" >> /home/lesi11/testData/multi-grm-selection_testPRE.txt
    done
    
        (one of the commands exited with non-zero exit code; note that snakemake uses bash strict mode!)

Shutting down, this might take some time.
Exiting because a job execution failed. Look above for error message
Complete log: .snakemake/log/2024-03-26T174528.272978.snakemake.log
