Building DAG of jobs...
Using shell: /usr/bin/bash
Provided cores: 4
Rules claiming more threads will be scaled down.
Job stats:
job             count
------------  -------
all                 1
generate_grm        1
grm_to_csv          1
run_greml           1
total               4

Select jobs to execute...

[Wed Mar 20 18:17:58 2024]
rule generate_grm:
    input: /home/lesi11/testData/test.bed, /home/lesi11/testData/test.bim, /home/lesi11/testData/test.fam
    output: /home/lesi11/testData/test.grm.bin, /home/lesi11/testData/test.grm.N.bin, /home/lesi11/testData/test.grm.id
    jobid: 2
    reason: Missing output files: /home/lesi11/testData/test.grm.id, /home/lesi11/testData/test.grm.bin; Code has changed since last execution; Params have changed since last execution
    wildcards: name=test
    resources: tmpdir=/tmp

[Wed Mar 20 18:17:59 2024]
Finished job 2.
1 of 4 steps (25%) done
Select jobs to execute...

[Wed Mar 20 18:17:59 2024]
rule run_greml:
    input: /home/lesi11/testData/test.grm.bin, /home/lesi11/testData/test.grm.id, /home/lesi11/testData/test.phen
    output: /home/lesi11/testData/test.hsq
    jobid: 1
    reason: Missing output files: /home/lesi11/testData/test.hsq; Input files updated by another job: /home/lesi11/testData/test.grm.id, /home/lesi11/testData/test.grm.bin
    wildcards: name=test
    threads: 4
    resources: tmpdir=/tmp

[Wed Mar 20 18:18:11 2024]
Finished job 1.
2 of 4 steps (50%) done
Select jobs to execute...

[Wed Mar 20 18:18:11 2024]
rule grm_to_csv:
    input: /home/lesi11/testData/test.grm.bin
    output: /home/lesi11/testData/test_size=100.grm.csv
    jobid: 3
    reason: Missing output files: /home/lesi11/testData/test_size=100.grm.csv; Input files updated by another job: /home/lesi11/testData/test.grm.bin
    wildcards: name=test, size=100
    resources: tmpdir=/tmp

[Wed Mar 20 18:18:11 2024]
Error in rule grm_to_csv:
    jobid: 3
    input: /home/lesi11/testData/test.grm.bin
    output: /home/lesi11/testData/test_size=100.grm.csv
    shell:
        
    Rscript /sc-projects/sc-proj-dh-ag-eils-ml/workflow/scripts/grm_io.r
    
        (one of the commands exited with non-zero exit code; note that snakemake uses bash strict mode!)

Shutting down, this might take some time.
Exiting because a job execution failed. Look above for error message
Complete log: .snakemake/log/2024-03-20T181755.992000.snakemake.log
