Building DAG of jobs...
Using shell: /usr/bin/bash
Provided cores: 1 (use --cores to define parallelism)
Rules claiming more threads will be scaled down.
Job stats:
job                    count
-------------------  -------
all                        1
grm_chrom                  8
merge_grm                  1
run_greml                  1
write_grm_selection        1
total                     12

Select jobs to execute...

[Tue Mar 26 17:52:52 2024]
rule grm_chrom:
    input: /home/lesi11/testData/test.bed, /home/lesi11/testData/test.bim, /home/lesi11/testData/test.fam
    output: /home/lesi11/testData/test_chrom8.grm.bin, /home/lesi11/testData/test_chrom8.grm.N.bin, /home/lesi11/testData/test_chrom8.grm.id
    jobid: 10
    reason: Missing output files: /home/lesi11/testData/test_chrom8.grm.bin, /home/lesi11/testData/test_chrom8.grm.id, /home/lesi11/testData/test_chrom8.grm.N.bin
    wildcards: name=test, chrom=8
    resources: tmpdir=/tmp

[Tue Mar 26 17:52:52 2024]
Error in rule grm_chrom:
    jobid: 10
    input: /home/lesi11/testData/test.bed, /home/lesi11/testData/test.bim, /home/lesi11/testData/test.fam
    output: /home/lesi11/testData/test_chrom8.grm.bin, /home/lesi11/testData/test_chrom8.grm.N.bin, /home/lesi11/testData/test_chrom8.grm.id
    shell:
        
    gcta64 --bfile /home/lesi11/testData/test_chrom8 --chr 8 --make-grm --thread-num 10 --out /home/lesi11/testData/test_chrom8
    
        (one of the commands exited with non-zero exit code; note that snakemake uses bash strict mode!)

Shutting down, this might take some time.
Exiting because a job execution failed. Look above for error message
Complete log: .snakemake/log/2024-03-26T175246.575448.snakemake.log
