Building DAG of jobs...
Using shell: /usr/bin/bash
Provided cores: 4
Rules claiming more threads will be scaled down.
Job stats:
job           count
----------  -------
all               1
grm_to_csv        1
total             2

Select jobs to execute...

[Wed Mar 20 17:36:20 2024]
rule grm_to_csv:
    input: /home/lesi11/results/test.grm.bin
    output: /home/lesi11/results/test.grm.csv
    jobid: 1
    reason: Missing output files: /home/lesi11/results/test.grm.csv
    wildcards: name=test
    resources: tmpdir=/tmp

[Wed Mar 20 17:36:21 2024]
Error in rule grm_to_csv:
    jobid: 1
    input: /home/lesi11/results/test.grm.bin
    output: /home/lesi11/results/test.grm.csv
    shell:
        
    Rscript /sc-projects/sc-proj-dh-ag-eils-ml/workflow/scripts/grm_io.r /home/lesi11/results/test 100 /home/lesi11/results/test.grm.csv
    
        (one of the commands exited with non-zero exit code; note that snakemake uses bash strict mode!)

Shutting down, this might take some time.
Exiting because a job execution failed. Look above for error message
Complete log: .snakemake/log/2024-03-20T173618.139487.snakemake.log
