Building DAG of jobs...
Using shell: /usr/bin/bash
Provided cores: 1 (use --cores to define parallelism)
Rules claiming more threads will be scaled down.
Job stats:
job            count
-----------  -------
all                1
manage_grm         1
noSplit_grm        1
run_greml          1
total              4

Select jobs to execute...

[Tue Mar 26 17:08:00 2024]
rule noSplit_grm:
    input: /home/lesi11/testData/test.bed, /home/lesi11/testData/test.bim, /home/lesi11/testData/test.fam
    output: /home/lesi11/testData/test.noSplit_grm.bin, /home/lesi11/testData/test.noSplit_grm.N.bin, /home/lesi11/testData/test.noSplit_grm.id
    jobid: 3
    reason: Missing output files: /home/lesi11/testData/test.noSplit_grm.N.bin, /home/lesi11/testData/test.noSplit_grm.id, /home/lesi11/testData/test.noSplit_grm.bin
    wildcards: name=test
    resources: tmpdir=/tmp

Waiting at most 5 seconds for missing files.
MissingOutputException in rule noSplit_grm in file /sc-projects/sc-proj-dh-ag-eils-ml/workflow/rules/grm.smk, line 20:
Job 3  completed successfully, but some output files are missing. Missing files after 5 seconds. This might be due to filesystem latency. If that is the case, consider to increase the wait time with --latency-wait:
/home/lesi11/testData/test.noSplit_grm.bin
/home/lesi11/testData/test.noSplit_grm.N.bin
/home/lesi11/testData/test.noSplit_grm.id
Shutting down, this might take some time.
Exiting because a job execution failed. Look above for error message
Complete log: .snakemake/log/2024-03-26T170750.248271.snakemake.log
