Building DAG of jobs...
Using shell: /usr/bin/bash
Provided cores: 1 (use --cores to define parallelism)
Rules claiming more threads will be scaled down.
Job stats:
job           count
----------  -------
all               1
manage_grm        1
merge_grm         1
run_greml         1
total             4

Select jobs to execute...

[Tue Mar 26 16:55:49 2024]
rule merge_grm:
    input: /home/lesi11/testData/test.part_2_1.grm.bin, /home/lesi11/testData/test.part_2_2.grm.bin, /home/lesi11/testData/test.part_2_1.grm.N.bin, /home/lesi11/testData/test.part_2_2.grm.N.bin, /home/lesi11/testData/test.part_2_1.grm.id, /home/lesi11/testData/test.part_2_2.grm.id
    output: /home/lesi11/testData/test.split_grm.bin, /home/lesi11/testData/test.split_grm.N.bin, /home/lesi11/testData/test.split_grm.id
    jobid: 3
    reason: Missing output files: /home/lesi11/testData/test.split_grm.bin, /home/lesi11/testData/test.split_grm.id, /home/lesi11/testData/test.split_grm.N.bin
    wildcards: name=test
    resources: tmpdir=/tmp

Waiting at most 5 seconds for missing files.
MissingOutputException in rule merge_grm in file /sc-projects/sc-proj-dh-ag-eils-ml/workflow/rules/grm.smk, line 38:
Job 3  completed successfully, but some output files are missing. Missing files after 5 seconds. This might be due to filesystem latency. If that is the case, consider to increase the wait time with --latency-wait:
/home/lesi11/testData/test.split_grm.bin
/home/lesi11/testData/test.split_grm.N.bin
/home/lesi11/testData/test.split_grm.id
Shutting down, this might take some time.
Exiting because a job execution failed. Look above for error message
Complete log: .snakemake/log/2024-03-26T165545.161612.snakemake.log
