Building DAG of jobs...
Using shell: /usr/bin/bash
Provided cores: 1 (use --cores to define parallelism)
Rules claiming more threads will be scaled down.
Job stats:
job           count
----------  -------
all               1
manage_grm        1
merge_grm         1
run_greml         1
total             4

Select jobs to execute...

[Tue Mar 26 16:58:16 2024]
rule merge_grm:
    input: /home/lesi11/testData/test.part_2_1.grm.bin, /home/lesi11/testData/test.part_2_2.grm.bin, /home/lesi11/testData/test.part_2_1.grm.N.bin, /home/lesi11/testData/test.part_2_2.grm.N.bin, /home/lesi11/testData/test.part_2_1.grm.id, /home/lesi11/testData/test.part_2_2.grm.id
    output: /home/lesi11/testData/test.split_grm.bin, /home/lesi11/testData/test.split_grm.N.bin, /home/lesi11/testData/test.split_grm.id
    jobid: 3
    reason: Missing output files: /home/lesi11/testData/test.split_grm.bin, /home/lesi11/testData/test.split_grm.id, /home/lesi11/testData/test.split_grm.N.bin
    wildcards: name=test
    resources: tmpdir=/tmp

[Tue Mar 26 16:58:17 2024]
Finished job 3.
1 of 4 steps (25%) done
Select jobs to execute...

[Tue Mar 26 16:58:17 2024]
rule manage_grm:
    input: /home/lesi11/testData/test.split_grm.bin, /home/lesi11/testData/test.split_grm.N.bin, /home/lesi11/testData/test.split_grm.id
    output: /home/lesi11/testData/test.grm.bin, /home/lesi11/testData/test.grm.N.bin, /home/lesi11/testData/test.grm.id
    jobid: 2
    reason: Input files updated by another job: /home/lesi11/testData/test.split_grm.bin, /home/lesi11/testData/test.split_grm.id, /home/lesi11/testData/test.split_grm.N.bin; Set of input files has changed since last execution; Code has changed since last execution; Params have changed since last execution
    wildcards: name=test
    resources: tmpdir=/tmp

[Tue Mar 26 16:58:17 2024]
Finished job 2.
2 of 4 steps (50%) done
Select jobs to execute...

[Tue Mar 26 16:58:17 2024]
rule run_greml:
    input: /home/lesi11/testData/test.grm.bin, /home/lesi11/testData/test.grm.id, /home/lesi11/testData/test.phen
    output: /home/lesi11/testData/test.hsq
    jobid: 1
    reason: Missing output files: /home/lesi11/testData/test.hsq; Input files updated by another job: /home/lesi11/testData/test.grm.id, /home/lesi11/testData/test.grm.bin
    wildcards: name=test
    resources: tmpdir=/tmp

[Tue Mar 26 16:58:44 2024]
Finished job 1.
3 of 4 steps (75%) done
Select jobs to execute...

[Tue Mar 26 16:58:44 2024]
rule all:
    input: /home/lesi11/testData/test.hsq
    jobid: 0
    reason: Input files updated by another job: /home/lesi11/testData/test.hsq
    resources: tmpdir=/tmp

[Tue Mar 26 16:58:47 2024]
Finished job 0.
4 of 4 steps (100%) done
Complete log: .snakemake/log/2024-03-26T165811.363960.snakemake.log
