Building DAG of jobs...
Using shell: /usr/bin/bash
Provided cores: 1 (use --cores to define parallelism)
Rules claiming more threads will be scaled down.
Job stats:
job          count
---------  -------
all              1
run_greml        1
total            2

Select jobs to execute...

[Tue Mar 26 13:15:12 2024]
rule run_greml:
    input: /home/lesi11/testData/test.grm.bin, /home/lesi11/testData/test.grm.id, /home/lesi11/testData/test.phen
    output: /home/lesi11/testData/test.hsq
    jobid: 1
    reason: Updated input files: /home/lesi11/testData/test.grm.bin
    wildcards: name=test
    resources: tmpdir=/tmp

[Tue Mar 26 13:15:36 2024]
Finished job 1.
1 of 2 steps (50%) done
Select jobs to execute...

[Tue Mar 26 13:15:36 2024]
rule all:
    input: /home/lesi11/testData/test.hsq
    jobid: 0
    reason: Input files updated by another job: /home/lesi11/testData/test.hsq
    resources: tmpdir=/tmp

[Tue Mar 26 13:15:39 2024]
Finished job 0.
2 of 2 steps (100%) done
Complete log: .snakemake/log/2024-03-26T131509.650891.snakemake.log
