Building DAG of jobs...
Using shell: /usr/bin/bash
Provided cores: 4
Rules claiming more threads will be scaled down.
Job stats:
job           count
----------  -------
all               1
grm_to_csv        1
total             2

Select jobs to execute...

[Wed Mar 20 17:32:37 2024]
rule grm_to_csv:
    input: /home/lesi11/results/test.grm.bin
    output: /home/lesi11/results/test.grm.csv
    jobid: 1
    reason: Missing output files: /home/lesi11/results/test.grm.csv
    wildcards: name=test
    resources: tmpdir=/tmp

[Wed Mar 20 17:32:38 2024]
Error in rule grm_to_csv:
    jobid: 1
    input: /home/lesi11/results/test.grm.bin
    output: /home/lesi11/results/test.grm.csv

RuleException:
NameError in file /sc-projects/sc-proj-dh-ag-eils-ml/workflow/rules/grm.smk, line 18:
The name 'output' is unknown in this context. Please make sure that you defined that variable. Also note that braces not used for variable access have to be escaped by repeating them, i.e. {{print $1}}
  File "/sc-projects/sc-proj-dh-ag-eils-ml/workflow/rules/grm.smk", line 18, in __rule_grm_to_csv
  File "/home/lesi11/.conda/envs/greml/lib/python3.9/concurrent/futures/thread.py", line 58, in run
Shutting down, this might take some time.
Exiting because a job execution failed. Look above for error message
Complete log: .snakemake/log/2024-03-20T173235.424484.snakemake.log
