Building DAG of jobs...
Using shell: /usr/bin/bash
Provided cores: 4
Rules claiming more threads will be scaled down.
Job stats:
job          count
---------  -------
all              1
run_greml        1
total            2

Select jobs to execute...

[Wed Mar 20 18:00:15 2024]
rule run_greml:
    input: /home/lesi11/results/test.grm.bin, /home/lesi11/testData/test.phen
    output: /home/lesi11/results/test.hsq
    jobid: 1
    reason: Missing output files: /home/lesi11/results/test.hsq
    wildcards: name=test
    threads: 4
    resources: tmpdir=/tmp

[Wed Mar 20 18:00:31 2024]
Finished job 1.
1 of 2 steps (50%) done
Select jobs to execute...

[Wed Mar 20 18:00:31 2024]
rule all:
    input: /home/lesi11/results/test.hsq
    jobid: 0
    reason: Rules with a run or shell declaration but no output are always executed.
    resources: tmpdir=/tmp

[Wed Mar 20 18:00:33 2024]
Finished job 0.
2 of 2 steps (100%) done
Complete log: .snakemake/log/2024-03-20T180013.226997.snakemake.log
