Building DAG of jobs...
Using shell: /usr/bin/bash
Provided cores: 4
Rules claiming more threads will be scaled down.
Job stats:
job           count
----------  -------
all               1
grm_to_csv        1
total             2

Select jobs to execute...

[Wed Mar 20 17:42:23 2024]
rule grm_to_csv:
    input: /home/lesi11/results/test.grm.bin
    output: /home/lesi11/results/test.grm.csv
    jobid: 1
    reason: Missing output files: /home/lesi11/results/test.grm.csv
    wildcards: name=test
    resources: tmpdir=/tmp

[Wed Mar 20 17:42:24 2024]
Finished job 1.
1 of 2 steps (50%) done
Select jobs to execute...

[Wed Mar 20 17:42:24 2024]
localrule all:
    input: /home/lesi11/results/test.grm.csv
    jobid: 0
    reason: Input files updated by another job: /home/lesi11/results/test.grm.csv
    resources: tmpdir=/tmp

[Wed Mar 20 17:42:24 2024]
Finished job 0.
2 of 2 steps (100%) done
Complete log: .snakemake/log/2024-03-20T174220.468828.snakemake.log
