Building DAG of jobs...
Using shell: /usr/bin/bash
Provided cores: 1 (use --cores to define parallelism)
Rules claiming more threads will be scaled down.
Job stats:
job           count
----------  -------
all               1
manage_grm        1
merge_grm         1
run_greml         1
total             4

Select jobs to execute...

[Tue Mar 26 16:55:03 2024]
rule merge_grm:
    input: /home/lesi11/testData/test.part_2_1.grm.bin, /home/lesi11/testData/test.part_2_2.grm.bin, /home/lesi11/testData/test.part_2_1.grm.N.bin, /home/lesi11/testData/test.part_2_2.grm.N.bin, /home/lesi11/testData/test.part_2_1.grm.id, /home/lesi11/testData/test.part_2_2.grm.id
    output: /home/lesi11/testData/test.split_grm.bin, /home/lesi11/testData/test.split_grm.N.bin, /home/lesi11/testData/test.split_grm.id
    jobid: 3
    reason: Missing output files: /home/lesi11/testData/test.split_grm.N.bin, /home/lesi11/testData/test.split_grm.bin, /home/lesi11/testData/test.split_grm.id
    wildcards: name=test
    resources: tmpdir=/tmp

[Tue Mar 26 16:55:03 2024]
Error in rule merge_grm:
    jobid: 3
    input: /home/lesi11/testData/test.part_2_1.grm.bin, /home/lesi11/testData/test.part_2_2.grm.bin, /home/lesi11/testData/test.part_2_1.grm.N.bin, /home/lesi11/testData/test.part_2_2.grm.N.bin, /home/lesi11/testData/test.part_2_1.grm.id, /home/lesi11/testData/test.part_2_2.grm.id
    output: /home/lesi11/testData/test.split_grm.bin, /home/lesi11/testData/test.split_grm.N.bin, /home/lesi11/testData/test.split_grm.id
    shell:
        
    cat /home/lesi11/testData/test_split.part_2_*.grm.bin > /home/lesi11/testData/test_split.grm.bin
    cat /home/lesi11/testData/test_split.part_2_*.grm.N.bin > /home/lesi11/testData/test_split.grm.N.bin
    cat /home/lesi11/testData/test_split.part_2_*.grm.id > /home/lesi11/testData/test_split.grm.id
    
        (one of the commands exited with non-zero exit code; note that snakemake uses bash strict mode!)

Shutting down, this might take some time.
Exiting because a job execution failed. Look above for error message
Complete log: .snakemake/log/2024-03-26T165455.884718.snakemake.log
