Building DAG of jobs...
Using shell: /usr/bin/bash
Provided cores: 4
Rules claiming more threads will be scaled down.
Job stats:
job             count
------------  -------
all                 1
generate_grm        1
total               2

Select jobs to execute...

[Wed Mar 20 17:05:26 2024]
rule generate_grm:
    output: /home/lesi11/results/grm.bin
    jobid: 1
    reason: Missing output files: /home/lesi11/results/grm.bin
    wildcards: name=grm
    resources: tmpdir=/tmp

[Wed Mar 20 17:05:26 2024]
Error in rule generate_grm:
    jobid: 1
    output: /home/lesi11/results/grm.bin
    shell:
        
    gcta64 --bfile grm --autosome --make-grm --out /home/lesi11/build/grm
    
        (one of the commands exited with non-zero exit code; note that snakemake uses bash strict mode!)

Shutting down, this might take some time.
Exiting because a job execution failed. Look above for error message
Complete log: .snakemake/log/2024-03-20T170524.368681.snakemake.log
