Building DAG of jobs...
Using shell: /usr/bin/bash
Provided cores: 1 (use --cores to define parallelism)
Rules claiming more threads will be scaled down.
Job stats:
job                    count
-------------------  -------
all                        1
write_grm_selection        1
total                      2

Select jobs to execute...

[Tue Mar 26 17:49:09 2024]
rule write_grm_selection:
    output: /home/lesi11/testData/multi-grm-selection_testPRE.txt
    jobid: 1
    reason: Code has changed since last execution
    wildcards: prefix=testPRE
    resources: tmpdir=/tmp

[Tue Mar 26 17:49:09 2024]
Finished job 1.
1 of 2 steps (50%) done
Select jobs to execute...

[Tue Mar 26 17:49:09 2024]
rule all:
    input: /home/lesi11/testData/multi-grm-selection_testPRE.txt
    jobid: 0
    reason: Input files updated by another job: /home/lesi11/testData/multi-grm-selection_testPRE.txt
    resources: tmpdir=/tmp

[Tue Mar 26 17:49:14 2024]
Finished job 0.
2 of 2 steps (100%) done
Complete log: .snakemake/log/2024-03-26T174905.405052.snakemake.log
