Building DAG of jobs...
Using shell: /usr/bin/bash
Provided cores: 1 (use --cores to define parallelism)
Rules claiming more threads will be scaled down.
Job stats:
job                    count
-------------------  -------
all                        1
grm_chrom                  7
merge_grm                  1
run_greml                  1
write_grm_selection        1
total                     11

Select jobs to execute...

[Tue Mar 26 17:56:01 2024]
rule grm_chrom:
    input: /home/lesi11/testData/test.bed, /home/lesi11/testData/test.bim, /home/lesi11/testData/test.fam
    output: /home/lesi11/testData/test_chrom7.grm.bin, /home/lesi11/testData/test_chrom7.grm.N.bin, /home/lesi11/testData/test_chrom7.grm.id
    jobid: 9
    reason: Missing output files: /home/lesi11/testData/test_chrom7.grm.bin, /home/lesi11/testData/test_chrom7.grm.N.bin, /home/lesi11/testData/test_chrom7.grm.id
    wildcards: name=test, chrom=7
    resources: tmpdir=/tmp

[Tue Mar 26 17:56:01 2024]
Error in rule grm_chrom:
    jobid: 9
    input: /home/lesi11/testData/test.bed, /home/lesi11/testData/test.bim, /home/lesi11/testData/test.fam
    output: /home/lesi11/testData/test_chrom7.grm.bin, /home/lesi11/testData/test_chrom7.grm.N.bin, /home/lesi11/testData/test_chrom7.grm.id
    shell:
        
    gcta64 --bfile /home/lesi11/testData/test --chr 7 --make-grm --thread-num 10 --out /home/lesi11/testData/test_chrom7
    
        (one of the commands exited with non-zero exit code; note that snakemake uses bash strict mode!)

Shutting down, this might take some time.
Exiting because a job execution failed. Look above for error message
Complete log: .snakemake/log/2024-03-26T175555.399406.snakemake.log
